D:\VM_SHARE\WANGYE\TOOLKIT\OK_BIN\BINDFILE\PEBINDER\DEBUG\PEBINDER.EXE
D:\VM_SHARE\WANGYE\TOOLKIT\OK_BIN\BINDFILE\PEBINDER\DEBUG\PEBINDER.ILK
D:\VM_SHARE\WANGYE\TOOLKIT\OK_BIN\BINDFILE\PEBINDER\DEBUG\PEBINDER.PDB
D:\VM_Share\wangye\toolkit\ok_bin\bindfile\pebinder\pebinder\Debug\cl.command.1.tlog
D:\VM_Share\wangye\toolkit\ok_bin\bindfile\pebinder\pebinder\Debug\CL.read.1.tlog
D:\VM_Share\wangye\toolkit\ok_bin\bindfile\pebinder\pebinder\Debug\CL.write.1.tlog
D:\VM_Share\wangye\toolkit\ok_bin\bindfile\pebinder\pebinder\Debug\link.command.1.tlog
D:\VM_Share\wangye\toolkit\ok_bin\bindfile\pebinder\pebinder\Debug\link.read.1.tlog
D:\VM_Share\wangye\toolkit\ok_bin\bindfile\pebinder\pebinder\Debug\link.write.1.tlog
D:\VM_Share\wangye\toolkit\ok_bin\bindfile\pebinder\pebinder\Debug\link-cvtres.read.1.tlog
D:\VM_Share\wangye\toolkit\ok_bin\bindfile\pebinder\pebinder\Debug\link-cvtres.write.1.tlog
D:\VM_Share\wangye\toolkit\ok_bin\bindfile\pebinder\pebinder\Debug\mt.command.1.tlog
D:\VM_Share\wangye\toolkit\ok_bin\bindfile\pebinder\pebinder\Debug\mt.read.1.tlog
D:\VM_Share\wangye\toolkit\ok_bin\bindfile\pebinder\pebinder\Debug\mt.write.1.tlog
D:\VM_SHARE\WANGYE\TOOLKIT\OK_BIN\BINDFILE\PEBINDER\PEBINDER\DEBUG\PEBINDER.EXE.EMBED.MANIFEST
D:\VM_SHARE\WANGYE\TOOLKIT\OK_BIN\BINDFILE\PEBINDER\PEBINDER\DEBUG\PEBINDER.EXE.EMBED.MANIFEST.RES
D:\VM_SHARE\WANGYE\TOOLKIT\OK_BIN\BINDFILE\PEBINDER\PEBINDER\DEBUG\PEBINDER.EXE.INTERMEDIATE.MANIFEST
D:\VM_SHARE\WANGYE\TOOLKIT\OK_BIN\BINDFILE\PEBINDER\PEBINDER\DEBUG\PEBINDER.OBJ
D:\VM_SHARE\WANGYE\TOOLKIT\OK_BIN\BINDFILE\PEBINDER\PEBINDER\DEBUG\PEBINDER.PCH
D:\VM_SHARE\WANGYE\TOOLKIT\OK_BIN\BINDFILE\PEBINDER\PEBINDER\DEBUG\PEBINDER.RES
D:\VM_Share\wangye\toolkit\ok_bin\bindfile\pebinder\pebinder\Debug\pebinder.write.1.tlog
D:\VM_Share\wangye\toolkit\ok_bin\bindfile\pebinder\pebinder\Debug\pebinder_manifest.rc
D:\VM_Share\wangye\toolkit\ok_bin\bindfile\pebinder\pebinder\Debug\rc.command.1.tlog
D:\VM_Share\wangye\toolkit\ok_bin\bindfile\pebinder\pebinder\Debug\rc.read.1.tlog
D:\VM_Share\wangye\toolkit\ok_bin\bindfile\pebinder\pebinder\Debug\rc.write.1.tlog
D:\VM_SHARE\WANGYE\TOOLKIT\OK_BIN\BINDFILE\PEBINDER\PEBINDER\DEBUG\STDAFX.OBJ
D:\VM_Share\wangye\toolkit\ok_bin\bindfile\pebinder\pebinder\Debug\vc100.idb
D:\VM_SHARE\WANGYE\TOOLKIT\OK_BIN\BINDFILE\PEBINDER\PEBINDER\DEBUG\VC100.PDB
