D:\VM_SHARE\WANGYE\TOOLKIT\OK_BIN\BINDFILE\ALLFILE\ALLFILE\DEBUG\ALLFILE.EXE.EMBED.MANIFEST
D:\VM_SHARE\WANGYE\TOOLKIT\OK_BIN\BINDFILE\ALLFILE\ALLFILE\DEBUG\ALLFILE.EXE.EMBED.MANIFEST.RES
D:\VM_SHARE\WANGYE\TOOLKIT\OK_BIN\BINDFILE\ALLFILE\ALLFILE\DEBUG\ALLFILE.EXE.INTERMEDIATE.MANIFEST
D:\VM_SHARE\WANGYE\TOOLKIT\OK_BIN\BINDFILE\ALLFILE\ALLFILE\DEBUG\ALLFILE.OBJ
D:\VM_SHARE\WANGYE\TOOLKIT\OK_BIN\BINDFILE\ALLFILE\ALLFILE\DEBUG\ALLFILE.PCH
D:\VM_Share\wangye\toolkit\ok_bin\bindfile\allfile\allfile\Debug\allfile.write.1.tlog
D:\VM_Share\wangye\toolkit\ok_bin\bindfile\allfile\allfile\Debug\allfile_manifest.rc
D:\VM_Share\wangye\toolkit\ok_bin\bindfile\allfile\allfile\Debug\cl.command.1.tlog
D:\VM_Share\wangye\toolkit\ok_bin\bindfile\allfile\allfile\Debug\CL.read.1.tlog
D:\VM_Share\wangye\toolkit\ok_bin\bindfile\allfile\allfile\Debug\CL.write.1.tlog
D:\VM_Share\wangye\toolkit\ok_bin\bindfile\allfile\allfile\Debug\link.6164.read.1.tlog
D:\VM_Share\wangye\toolkit\ok_bin\bindfile\allfile\allfile\Debug\link.6164.write.1.tlog
D:\VM_Share\wangye\toolkit\ok_bin\bindfile\allfile\allfile\Debug\link.6164-cvtres.read.1.tlog
D:\VM_Share\wangye\toolkit\ok_bin\bindfile\allfile\allfile\Debug\link.6164-cvtres.write.1.tlog
D:\VM_Share\wangye\toolkit\ok_bin\bindfile\allfile\allfile\Debug\link.command.1.tlog
D:\VM_Share\wangye\toolkit\ok_bin\bindfile\allfile\allfile\Debug\link.read.1.tlog
D:\VM_Share\wangye\toolkit\ok_bin\bindfile\allfile\allfile\Debug\link.write.1.tlog
D:\VM_Share\wangye\toolkit\ok_bin\bindfile\allfile\allfile\Debug\link-cvtres.read.1.tlog
D:\VM_Share\wangye\toolkit\ok_bin\bindfile\allfile\allfile\Debug\link-cvtres.write.1.tlog
D:\VM_Share\wangye\toolkit\ok_bin\bindfile\allfile\allfile\Debug\mt.command.1.tlog
D:\VM_Share\wangye\toolkit\ok_bin\bindfile\allfile\allfile\Debug\mt.read.1.tlog
D:\VM_Share\wangye\toolkit\ok_bin\bindfile\allfile\allfile\Debug\mt.write.1.tlog
D:\VM_Share\wangye\toolkit\ok_bin\bindfile\allfile\allfile\Debug\rc.command.1.tlog
D:\VM_Share\wangye\toolkit\ok_bin\bindfile\allfile\allfile\Debug\rc.read.1.tlog
D:\VM_Share\wangye\toolkit\ok_bin\bindfile\allfile\allfile\Debug\rc.write.1.tlog
D:\VM_SHARE\WANGYE\TOOLKIT\OK_BIN\BINDFILE\ALLFILE\ALLFILE\DEBUG\STDAFX.OBJ
D:\VM_Share\wangye\toolkit\ok_bin\bindfile\allfile\allfile\Debug\vc100.idb
D:\VM_SHARE\WANGYE\TOOLKIT\OK_BIN\BINDFILE\ALLFILE\ALLFILE\DEBUG\VC100.PDB
D:\VM_SHARE\WANGYE\TOOLKIT\OK_BIN\BINDFILE\ALLFILE\DEBUG\ALLFILE.EXE
D:\VM_SHARE\WANGYE\TOOLKIT\OK_BIN\BINDFILE\ALLFILE\DEBUG\ALLFILE.ILK
D:\VM_SHARE\WANGYE\TOOLKIT\OK_BIN\BINDFILE\ALLFILE\DEBUG\ALLFILE.PDB
